<?xml version="1.0" encoding="UTF-8"?>
<testng-results skipped="0" failed="1" total="9" passed="8">
  <reporter-output>
  </reporter-output>
  <suite name="suit1" duration-ms="119" started-at="2017-03-27T07:21:36Z" finished-at="2017-03-27T07:21:36Z">
    <groups>
      <group name="p1">
        <method signature="suitClass1.test1()[pri:0, instance:testSuit.suitClass1@51565ec2]" name="test1" class="testSuit.suitClass1"/>
        <method signature="suitClass2.test2()[pri:0, instance:testSuit.suitClass2@1b604f19]" name="test2" class="testSuit.suitClass2"/>
      </group> <!-- p1 -->
    </groups>
    <test name="testSuit1" duration-ms="24" started-at="2017-03-27T07:21:36Z" finished-at="2017-03-27T07:21:36Z">
      <class name="testSuit.suitClass2">
        <test-method status="PASS" signature="test2()[pri:0, instance:testSuit.suitClass2@1b604f19]" name="test2" duration-ms="2" started-at="2017-03-27T00:21:36Z" finished-at="2017-03-27T00:21:36Z">
          <reporter-output>
          </reporter-output>
        </test-method> <!-- test2 -->
      </class> <!-- testSuit.suitClass2 -->
      <class name="testSuit.suitClass1">
        <test-method status="PASS" signature="test1()[pri:0, instance:testSuit.suitClass1@51565ec2]" name="test1" duration-ms="6" started-at="2017-03-27T00:21:36Z" finished-at="2017-03-27T00:21:36Z">
          <reporter-output>
          </reporter-output>
        </test-method> <!-- test1 -->
      </class> <!-- testSuit.suitClass1 -->
    </test> <!-- testSuit1 -->
    <test name="testSuit2" duration-ms="47" started-at="2017-03-27T07:21:36Z" finished-at="2017-03-27T07:21:36Z">
      <class name="testNGDemonstration.TestNGTestClass">
        <test-method status="PASS" signature="beforeTest()[pri:0, instance:testNGDemonstration.TestNGTestClass@1e88b3c]" name="beforeTest" is-config="true" duration-ms="0" started-at="2017-03-27T00:21:36Z" finished-at="2017-03-27T00:21:36Z">
          <reporter-output>
          </reporter-output>
        </test-method> <!-- beforeTest -->
        <test-method status="PASS" signature="beforeMethod()[pri:0, instance:testNGDemonstration.TestNGTestClass@1e88b3c]" name="beforeMethod" is-config="true" duration-ms="0" started-at="2017-03-27T00:21:36Z" finished-at="2017-03-27T00:21:36Z">
          <reporter-output>
          </reporter-output>
        </test-method> <!-- beforeMethod -->
        <test-method status="PASS" signature="test1()[pri:0, instance:testNGDemonstration.TestNGTestClass@1e88b3c]" name="test1" duration-ms="1" started-at="2017-03-27T00:21:36Z" description="This is a very plain TestNG test case" finished-at="2017-03-27T00:21:36Z">
          <reporter-output>
          </reporter-output>
        </test-method> <!-- test1 -->
        <test-method status="PASS" signature="afterMethod()[pri:0, instance:testNGDemonstration.TestNGTestClass@1e88b3c]" name="afterMethod" is-config="true" duration-ms="1" started-at="2017-03-27T00:21:36Z" finished-at="2017-03-27T00:21:36Z">
          <reporter-output>
          </reporter-output>
        </test-method> <!-- afterMethod -->
        <test-method status="PASS" signature="beforeMethod()[pri:0, instance:testNGDemonstration.TestNGTestClass@1e88b3c]" name="beforeMethod" is-config="true" duration-ms="1" started-at="2017-03-27T00:21:36Z" finished-at="2017-03-27T00:21:36Z">
          <reporter-output>
          </reporter-output>
        </test-method> <!-- beforeMethod -->
        <test-method status="FAIL" signature="test4()[pri:0, instance:testNGDemonstration.TestNGTestClass@1e88b3c]" name="test4" duration-ms="13" started-at="2017-03-27T00:21:36Z" finished-at="2017-03-27T00:21:36Z">
          <exception class="org.testng.internal.thread.ThreadTimeoutException">
            <message>
              <![CDATA[Method org.testng.internal.TestNGMethod.test4() didn't finish within the time-out 1]]>
            </message>
            <full-stacktrace>
              <![CDATA[org.testng.internal.thread.ThreadTimeoutException: Method org.testng.internal.TestNGMethod.test4() didn't finish within the time-out 1
	at java.lang.Thread.interrupt0(Native Method)
	at java.lang.Thread.interrupt(Unknown Source)
	at org.testng.internal.InvokeMethodRunnable.runOne(InvokeMethodRunnable.java:64)
	at org.testng.internal.InvokeMethodRunnable.run(InvokeMethodRunnable.java:44)
	at java.util.concurrent.Executors$RunnableAdapter.call(Unknown Source)
	at java.util.concurrent.FutureTask.run(Unknown Source)
	at java.util.concurrent.ThreadPoolExecutor.runWorker(Unknown Source)
	at java.util.concurrent.ThreadPoolExecutor$Worker.run(Unknown Source)
	at java.lang.Thread.run(Unknown Source)
]]>
            </full-stacktrace>
          </exception> <!-- org.testng.internal.thread.ThreadTimeoutException -->
          <reporter-output>
          </reporter-output>
        </test-method> <!-- test4 -->
        <test-method status="PASS" signature="afterMethod()[pri:0, instance:testNGDemonstration.TestNGTestClass@1e88b3c]" name="afterMethod" is-config="true" duration-ms="1" started-at="2017-03-27T00:21:36Z" finished-at="2017-03-27T00:21:36Z">
          <reporter-output>
          </reporter-output>
        </test-method> <!-- afterMethod -->
        <test-method status="PASS" signature="beforeMethod()[pri:0, instance:testNGDemonstration.TestNGTestClass@1e88b3c]" name="beforeMethod" is-config="true" duration-ms="1" started-at="2017-03-27T00:21:36Z" finished-at="2017-03-27T00:21:36Z">
          <reporter-output>
          </reporter-output>
        </test-method> <!-- beforeMethod -->
        <test-method status="PASS" signature="test2(int)[pri:0, instance:testNGDemonstration.TestNGTestClass@1e88b3c]" name="test2" duration-ms="1" started-at="2017-03-27T00:21:36Z" data-provider="testDataProvider" depends-on-methods="testNGDemonstration.TestNGTestClass.test1" finished-at="2017-03-27T00:21:36Z">
          <params>
            <param index="0">
              <value>
                <![CDATA[1]]>
              </value>
            </param>
          </params>
          <reporter-output>
          </reporter-output>
        </test-method> <!-- test2 -->
        <test-method status="PASS" signature="afterMethod()[pri:0, instance:testNGDemonstration.TestNGTestClass@1e88b3c]" name="afterMethod" is-config="true" duration-ms="1" started-at="2017-03-27T00:21:36Z" finished-at="2017-03-27T00:21:36Z">
          <reporter-output>
          </reporter-output>
        </test-method> <!-- afterMethod -->
        <test-method status="PASS" signature="beforeMethod()[pri:0, instance:testNGDemonstration.TestNGTestClass@1e88b3c]" name="beforeMethod" is-config="true" duration-ms="0" started-at="2017-03-27T00:21:36Z" finished-at="2017-03-27T00:21:36Z">
          <reporter-output>
          </reporter-output>
        </test-method> <!-- beforeMethod -->
        <test-method status="PASS" signature="test2(int)[pri:0, instance:testNGDemonstration.TestNGTestClass@1e88b3c]" name="test2" duration-ms="1" started-at="2017-03-27T00:21:36Z" data-provider="testDataProvider" depends-on-methods="testNGDemonstration.TestNGTestClass.test1" finished-at="2017-03-27T00:21:36Z">
          <params>
            <param index="0">
              <value>
                <![CDATA[2]]>
              </value>
            </param>
          </params>
          <reporter-output>
          </reporter-output>
        </test-method> <!-- test2 -->
        <test-method status="PASS" signature="afterMethod()[pri:0, instance:testNGDemonstration.TestNGTestClass@1e88b3c]" name="afterMethod" is-config="true" duration-ms="1" started-at="2017-03-27T00:21:36Z" finished-at="2017-03-27T00:21:36Z">
          <reporter-output>
          </reporter-output>
        </test-method> <!-- afterMethod -->
        <test-method status="PASS" signature="beforeMethod()[pri:0, instance:testNGDemonstration.TestNGTestClass@1e88b3c]" name="beforeMethod" is-config="true" duration-ms="0" started-at="2017-03-27T00:21:36Z" finished-at="2017-03-27T00:21:36Z">
          <reporter-output>
          </reporter-output>
        </test-method> <!-- beforeMethod -->
        <test-method status="PASS" signature="test2(int)[pri:0, instance:testNGDemonstration.TestNGTestClass@1e88b3c]" name="test2" duration-ms="2" started-at="2017-03-27T00:21:36Z" data-provider="testDataProvider" depends-on-methods="testNGDemonstration.TestNGTestClass.test1" finished-at="2017-03-27T00:21:36Z">
          <params>
            <param index="0">
              <value>
                <![CDATA[3]]>
              </value>
            </param>
          </params>
          <reporter-output>
          </reporter-output>
        </test-method> <!-- test2 -->
        <test-method status="PASS" signature="beforeMethod()[pri:0, instance:testNGDemonstration.TestNGTestClass@1e88b3c]" name="beforeMethod" is-config="true" duration-ms="1" started-at="2017-03-27T00:21:36Z" finished-at="2017-03-27T00:21:36Z">
          <reporter-output>
          </reporter-output>
        </test-method> <!-- beforeMethod -->
        <test-method status="PASS" signature="afterMethod()[pri:0, instance:testNGDemonstration.TestNGTestClass@1e88b3c]" name="afterMethod" is-config="true" duration-ms="0" started-at="2017-03-27T00:21:36Z" finished-at="2017-03-27T00:21:36Z">
          <reporter-output>
          </reporter-output>
        </test-method> <!-- afterMethod -->
        <test-method status="PASS" signature="test2(int)[pri:0, instance:testNGDemonstration.TestNGTestClass@1e88b3c]" name="test2" duration-ms="1" started-at="2017-03-27T00:21:36Z" data-provider="testDataProvider" depends-on-methods="testNGDemonstration.TestNGTestClass.test1" finished-at="2017-03-27T00:21:36Z">
          <params>
            <param index="0">
              <value>
                <![CDATA[4]]>
              </value>
            </param>
          </params>
          <reporter-output>
          </reporter-output>
        </test-method> <!-- test2 -->
        <test-method status="PASS" signature="afterMethod()[pri:0, instance:testNGDemonstration.TestNGTestClass@1e88b3c]" name="afterMethod" is-config="true" duration-ms="1" started-at="2017-03-27T00:21:36Z" finished-at="2017-03-27T00:21:36Z">
          <reporter-output>
          </reporter-output>
        </test-method> <!-- afterMethod -->
        <test-method status="PASS" signature="beforeMethod()[pri:0, instance:testNGDemonstration.TestNGTestClass@1e88b3c]" name="beforeMethod" is-config="true" duration-ms="0" started-at="2017-03-27T00:21:36Z" finished-at="2017-03-27T00:21:36Z">
          <reporter-output>
          </reporter-output>
        </test-method> <!-- beforeMethod -->
        <test-method status="PASS" signature="test3(java.lang.String)[pri:0, instance:testNGDemonstration.TestNGTestClass@1e88b3c]" name="test3" duration-ms="1" started-at="2017-03-27T00:21:36Z" depends-on-methods="testNGDemonstration.TestNGTestClass.test2" finished-at="2017-03-27T00:21:36Z">
          <params>
            <param index="0">
              <value>
                <![CDATA[sent from testng.xml]]>
              </value>
            </param>
          </params>
          <reporter-output>
          </reporter-output>
        </test-method> <!-- test3 -->
        <test-method status="PASS" signature="afterMethod()[pri:0, instance:testNGDemonstration.TestNGTestClass@1e88b3c]" name="afterMethod" is-config="true" duration-ms="1" started-at="2017-03-27T00:21:36Z" finished-at="2017-03-27T00:21:36Z">
          <reporter-output>
          </reporter-output>
        </test-method> <!-- afterMethod -->
        <test-method status="PASS" signature="afterTest()[pri:0, instance:testNGDemonstration.TestNGTestClass@1e88b3c]" name="afterTest" is-config="true" duration-ms="0" started-at="2017-03-27T00:21:36Z" finished-at="2017-03-27T00:21:36Z">
          <reporter-output>
          </reporter-output>
        </test-method> <!-- afterTest -->
      </class> <!-- testNGDemonstration.TestNGTestClass -->
      <class name="testNGDemonstration.BeforeAndAfterSuit">
        <test-method status="PASS" signature="beforeSuit()[pri:0, instance:testNGDemonstration.BeforeAndAfterSuit@77caeb3e]" name="beforeSuit" is-config="true" duration-ms="10" started-at="2017-03-27T00:21:36Z" finished-at="2017-03-27T00:21:36Z">
          <reporter-output>
          </reporter-output>
        </test-method> <!-- beforeSuit -->
        <test-method status="PASS" signature="afterSuit()[pri:0, instance:testNGDemonstration.BeforeAndAfterSuit@77caeb3e]" name="afterSuit" is-config="true" duration-ms="1" started-at="2017-03-27T00:21:36Z" finished-at="2017-03-27T00:21:36Z">
          <reporter-output>
          </reporter-output>
        </test-method> <!-- afterSuit -->
      </class> <!-- testNGDemonstration.BeforeAndAfterSuit -->
    </test> <!-- testSuit2 -->
  </suite> <!-- suit1 -->
</testng-results>
